Copyright 1986-2022 Xilinx, Inc. All Rights Reserved. Copyright 2022-2023 Advanced Micro Devices, Inc. All Rights Reserved.
---------------------------------------------------------------------------------------------------------------------------------------------
| Tool Version : Vivado v.2023.1 (win64) Build 3865809 Sun May  7 15:05:29 MDT 2023
| Date         : Thu Nov 20 11:20:52 2025
| Host         : DESKTOP-7IUMTM5 running 64-bit major release  (build 9200)
| Command      : report_control_sets -verbose -file top_module_control_sets_placed.rpt
| Design       : top_module
| Device       : xc7z020
---------------------------------------------------------------------------------------------------------------------------------------------

Control Set Information

Table of Contents
-----------------
1. Summary
2. Histogram
3. Flip-Flop Distribution
4. Detailed Control Set Information

1. Summary
----------

+----------------------------------------------------------+-------+
|                          Status                          | Count |
+----------------------------------------------------------+-------+
| Total control sets                                       |     6 |
|    Minimum number of control sets                        |     6 |
|    Addition due to synthesis replication                 |     0 |
|    Addition due to physical synthesis replication        |     0 |
| Unused register locations in slices containing registers |    10 |
+----------------------------------------------------------+-------+
* Control sets can be merged at opt_design using control_set_merge or merge_equivalent_drivers
** Run report_qor_suggestions for automated merging and remapping suggestions


2. Histogram
------------

+--------------------+-------+
|       Fanout       | Count |
+--------------------+-------+
| Total control sets |     6 |
| >= 0 to < 4        |     1 |
| >= 4 to < 6        |     1 |
| >= 6 to < 8        |     0 |
| >= 8 to < 10       |     1 |
| >= 10 to < 12      |     0 |
| >= 12 to < 14      |     0 |
| >= 14 to < 16      |     0 |
| >= 16              |     3 |
+--------------------+-------+
* Control sets can be remapped at either synth_design or opt_design


3. Flip-Flop Distribution
-------------------------

+--------------+-----------------------+------------------------+-----------------+--------------+
| Clock Enable | Synchronous Set/Reset | Asynchronous Set/Reset | Total Registers | Total Slices |
+--------------+-----------------------+------------------------+-----------------+--------------+
| No           | No                    | No                     |               0 |            0 |
| No           | No                    | Yes                    |               1 |            1 |
| No           | Yes                   | No                     |               0 |            0 |
| Yes          | No                    | No                     |               0 |            0 |
| Yes          | No                    | Yes                    |              77 |           19 |
| Yes          | Yes                   | No                     |               0 |            0 |
+--------------+-----------------------+------------------------+-----------------+--------------+


4. Detailed Control Set Information
-----------------------------------

+-----------------------+---------------------------------+------------------+------------------+----------------+--------------+
|      Clock Signal     |          Enable Signal          | Set/Reset Signal | Slice Load Count | Bel Load Count | Bels / Slice |
+-----------------------+---------------------------------+------------------+------------------+----------------+--------------+
|  clk_125mhz_IBUF_BUFG |                                 | BTN1_IBUF        |                1 |              1 |         1.00 |
|  clk_125mhz_IBUF_BUFG | uut/FSM_onehot_state[4]_i_1_n_0 | BTN1_IBUF        |                2 |              5 |         2.50 |
|  clk_125mhz_IBUF_BUFG | uut/E[0]                        | BTN1_IBUF        |                3 |              8 |         2.67 |
|  clk_125mhz_IBUF_BUFG | uut/counter_y[15]_i_1_n_0       | BTN1_IBUF        |                4 |             16 |         4.00 |
|  clk_125mhz_IBUF_BUFG | uut/counter_x[15]_i_1_n_0       | BTN1_IBUF        |                4 |             16 |         4.00 |
|  clk_125mhz_IBUF_BUFG | FSM_onehot_state_reg_n_0_[0]    | BTN1_IBUF        |                6 |             32 |         5.33 |
+-----------------------+---------------------------------+------------------+------------------+----------------+--------------+


