Time resolution is 1 ps
original:
//////////////////
01 02 03 
04 05 06 
07 08 09 
0a 0b 0c 
0d 0e 0f 
//////////////////
rotate CW result:
///////////
0d 0a 07 04 01 
0e 0b 08 05 02 
0f 0c 09 06 03 
///////////
original:
//////////////////
01 02 03 
04 05 06 
07 08 09 
0a 0b 0c 
0d 0e 0f 
//////////////////
rotate CCW result:
///////////
03 06 09 0c 0f 
02 05 08 0b 0e 
01 04 07 0a 0d 
///////////
original:
//////////////////
01 02 03 
04 05 06 
07 08 09 
0a 0b 0c 
0d 0e 0f 
//////////////////
mirror H result:
///////////
03 02 01 
06 05 04 
09 08 07 
0c 0b 0a 
0f 0e 0d 
///////////
original:
//////////////////
01 02 03 
04 05 06 
07 08 09 
0a 0b 0c 
0d 0e 0f 
//////////////////
mirror V result:
///////////
0d 0e 0f 
0a 0b 0c 
07 08 09 
04 05 06 
01 02 03 
///////////
$finish called at time : 2775 ns : File "F:/VIVADO WORKSPACE/image_rotate/image_rotate.srcs/sim_1/new/image_rotate_tb.v" Line 141
